<?xml version="1.0" encoding="UTF-8"?>
<!-- Generated by org.testng.reporters.JUnitXMLReporter -->
<testsuite ignored="10" hostname="DESKTOP-EOGLTVN" failures="2" tests="6" name="Test" time="142.373" errors="0" timestamp="2022-06-16T16:28:47 IST">
  <testcase classname="com.crm.products.testng.Createproducts" name="createproducts" time="8.474"/>
  <testcase classname="com.crm.products.testng.Createproductwithvendors" name="createproductwithvendors" time="10.546"/>
  <testcase classname="com.crm.OrganizationTestng.CreateOrganisationTest" name="createorganizationTest" time="4.881">
    <failure type="java.lang.AssertionError" message="null">
      <![CDATA[java.lang.AssertionError: null
at com.crm.OrganizationTestng.CreateOrganisationTest.createorganizationTest(CreateOrganisationTest.java:45)
at java.base/java.util.ArrayList.forEach(ArrayList.java:1511)
... Removed 29 stack frames]]>
    </failure>
  </testcase> <!-- createorganizationTest -->
  <testcase classname="com.crm.OrganizationTestng.CreateOrganizationWithIndustryType" name="CreateorganizationwithIndustrytype" time="14.902">
    <failure type="org.openqa.selenium.NoSuchElementException" message="Cannot locate option with value: Bankin
For documentation on this error, please visit: https://www.seleniumhq.org/exceptions/no_such_element.html
Build info: version: &amp;apos;3.141.59&amp;apos;, revision: &amp;apos;e82be7d358&amp;apos;, time: &amp;apos;2018-11-14T08:17:03&amp;apos;
System info: host: &amp;apos;DESKTOP-EOGLTVN&amp;apos;, ip: &amp;apos;10.10.61.31&amp;apos;, os.name: &amp;apos;Windows 10&amp;apos;, os.arch: &amp;apos;amd64&amp;apos;, os.version: &amp;apos;10.0&amp;apos;, java.version: &amp;apos;16.0.1&amp;apos;
Driver info: driver.version: unknown">
      <![CDATA[org.openqa.selenium.NoSuchElementException: Cannot locate option with value: Bankin
For documentation on this error, please visit: https://www.seleniumhq.org/exceptions/no_such_element.html
Build info: version: '3.141.59', revision: 'e82be7d358', time: '2018-11-14T08:17:03'
System info: host: 'DESKTOP-EOGLTVN', ip: '10.10.61.31', os.name: 'Windows 10', os.arch: 'amd64', os.version: '10.0', java.version: '16.0.1'
Driver info: driver.version: unknown
at org.openqa.selenium.support.ui.Select.findOptionsByValue(Select.java:283)
at org.openqa.selenium.support.ui.Select.selectByValue(Select.java:186)
at generic_utilities.WebdriverUtilities.selectDropDown(WebdriverUtilities.java:211)
at com.crm.OrganizationTestng.CreateOrganizationWithIndustryType.CreateorganizationwithIndustrytype(CreateOrganizationWithIndustryType.java:57)
at java.base/java.util.ArrayList.forEach(ArrayList.java:1511)
... Removed 27 stack frames]]>
    </failure>
  </testcase> <!-- CreateorganizationwithIndustrytype -->
  <testcase classname="com.cr.campaignTestng.CreateCampaignTest" name="createCampaigntest" time="7.39"/>
  <testcase classname="com.cr.campaignTestng.CreateCampaignWithProductTest" name="createcampaignWithproducttest" time="10.307"/>
  <testcase classname="generic_utilities.Baseclass" name="@BeforeSuite dbconnection" time="0.0">
    <ignored/>
  </testcase> <!-- @BeforeSuite dbconnection -->
  <testcase classname="generic_utilities.Baseclass" name="@BeforeSuite dbconnection" time="0.0">
    <ignored/>
  </testcase> <!-- @BeforeSuite dbconnection -->
  <testcase classname="generic_utilities.Baseclass" name="@BeforeSuite dbconnection" time="0.0">
    <ignored/>
  </testcase> <!-- @BeforeSuite dbconnection -->
  <testcase classname="generic_utilities.Baseclass" name="@BeforeSuite dbconnection" time="0.0">
    <ignored/>
  </testcase> <!-- @BeforeSuite dbconnection -->
  <testcase classname="generic_utilities.Baseclass" name="@BeforeSuite dbconnection" time="0.0">
    <ignored/>
  </testcase> <!-- @BeforeSuite dbconnection -->
  <testcase classname="generic_utilities.Baseclass" name="@AfterSuite closedbconfig" time="0.0">
    <ignored/>
  </testcase> <!-- @AfterSuite closedbconfig -->
  <testcase classname="generic_utilities.Baseclass" name="@AfterSuite closedbconfig" time="0.0">
    <ignored/>
  </testcase> <!-- @AfterSuite closedbconfig -->
  <testcase classname="generic_utilities.Baseclass" name="@AfterSuite closedbconfig" time="0.0">
    <ignored/>
  </testcase> <!-- @AfterSuite closedbconfig -->
  <testcase classname="generic_utilities.Baseclass" name="@AfterSuite closedbconfig" time="0.0">
    <ignored/>
  </testcase> <!-- @AfterSuite closedbconfig -->
  <testcase classname="generic_utilities.Baseclass" name="@AfterSuite closedbconfig" time="0.0">
    <ignored/>
  </testcase> <!-- @AfterSuite closedbconfig -->
</testsuite> <!-- Test -->
