<?xml version="1.0" encoding="UTF-8"?>
<!-- Generated by org.testng.reporters.JUnitXMLReporter -->
<testsuite ignored="5" hostname="DESKTOP-EOGLTVN" failures="2" tests="5" name="Test1" time="87.558" errors="0" timestamp="2022-06-16T16:21:02 IST">
  <testcase classname="com.crm.products.testng.Createproducts" name="createproducts" time="8.971"/>
  <testcase classname="com.crm.products.testng.Createproductwithvendors" name="createproductwithvendors" time="10.385"/>
  <testcase classname="com.crm.OrganizationTestng.CreateOrganisationTest" name="createorganizationTest" time="5.914"/>
  <testcase classname="com.crm.OrganizationTestng.CreateOrganizationWithIndustryType" name="CreateorganizationwithIndustrytype" time="15.356">
    <failure type="org.openqa.selenium.NoSuchElementException" message="Cannot locate option with value: Bankin
For documentation on this error, please visit: https://www.seleniumhq.org/exceptions/no_such_element.html
Build info: version: &amp;apos;3.141.59&amp;apos;, revision: &amp;apos;e82be7d358&amp;apos;, time: &amp;apos;2018-11-14T08:17:03&amp;apos;
System info: host: &amp;apos;DESKTOP-EOGLTVN&amp;apos;, ip: &amp;apos;10.10.61.31&amp;apos;, os.name: &amp;apos;Windows 10&amp;apos;, os.arch: &amp;apos;amd64&amp;apos;, os.version: &amp;apos;10.0&amp;apos;, java.version: &amp;apos;16.0.1&amp;apos;
Driver info: driver.version: unknown">
      <![CDATA[org.openqa.selenium.NoSuchElementException: Cannot locate option with value: Bankin
For documentation on this error, please visit: https://www.seleniumhq.org/exceptions/no_such_element.html
Build info: version: '3.141.59', revision: 'e82be7d358', time: '2018-11-14T08:17:03'
System info: host: 'DESKTOP-EOGLTVN', ip: '10.10.61.31', os.name: 'Windows 10', os.arch: 'amd64', os.version: '10.0', java.version: '16.0.1'
Driver info: driver.version: unknown
at org.openqa.selenium.support.ui.Select.findOptionsByValue(Select.java:283)
at org.openqa.selenium.support.ui.Select.selectByValue(Select.java:186)
at generic_utilities.WebdriverUtilities.selectDropDown(WebdriverUtilities.java:211)
at com.crm.OrganizationTestng.CreateOrganizationWithIndustryType.CreateorganizationwithIndustrytype(CreateOrganizationWithIndustryType.java:57)
at java.base/java.util.ArrayList.forEach(ArrayList.java:1511)
... Removed 27 stack frames]]>
    </failure>
  </testcase> <!-- CreateorganizationwithIndustrytype -->
  <testcase classname="com.crm.OrganizationTestng.CreateOrganizationWithIndustryType" name="CreateorganizationwithIndustrytype" time="18.383">
    <failure type="java.lang.NullPointerException" message="Cannot invoke &amp;quot;Object.getClass()&amp;quot; because &amp;quot;object&amp;quot; is null">
      <![CDATA[java.lang.NullPointerException: Cannot invoke "Object.getClass()" because "object" is null
at org.openqa.selenium.support.events.EventFiringWebDriver.extractInterfaces(EventFiringWebDriver.java:120)
at org.openqa.selenium.support.events.EventFiringWebDriver.<init>(EventFiringWebDriver.java:94)
at generic_utilities.Itestlisners.onTestFailure(Itestlisners.java:30)
at java.base/java.util.ArrayList.forEach(ArrayList.java:1511)
... Removed 24 stack frames]]>
    </failure>
  </testcase> <!-- CreateorganizationwithIndustrytype -->
  <testcase classname="generic_utilities.Baseclass" name="@BeforeSuite dbconnection" time="0.0">
    <ignored/>
  </testcase> <!-- @BeforeSuite dbconnection -->
  <testcase classname="generic_utilities.Baseclass" name="@BeforeSuite dbconnection" time="0.0">
    <ignored/>
  </testcase> <!-- @BeforeSuite dbconnection -->
  <testcase classname="generic_utilities.Baseclass" name="@BeforeSuite dbconnection" time="0.0">
    <ignored/>
  </testcase> <!-- @BeforeSuite dbconnection -->
  <testcase classname="generic_utilities.Baseclass" name="@BeforeSuite dbconnection" time="0.0">
    <ignored/>
  </testcase> <!-- @BeforeSuite dbconnection -->
  <testcase classname="generic_utilities.Baseclass" name="@BeforeSuite dbconnection" time="0.0">
    <ignored/>
  </testcase> <!-- @BeforeSuite dbconnection -->
</testsuite> <!-- Test1 -->
